<?xml version="1.0" encoding="UTF-8"?>
<testng-results skipped="0" failed="0" ignored="0" total="1" passed="1">
  <reporter-output>
  </reporter-output>
  <suite name="Default suite" duration-ms="81902" started-at="2020-05-01T06:27:39Z" finished-at="2020-05-01T06:29:01Z">
    <groups>
    </groups>
    <test name="Default test" duration-ms="81902" started-at="2020-05-01T06:27:39Z" finished-at="2020-05-01T06:29:01Z">
      <class name="org.KDD.TestCase.Runner">
        <test-method status="PASS" signature="runner()[pri:0, instance:org.KDD.TestCase.Runner@224edc67]" name="runner" duration-ms="81840" started-at="2020-05-01T11:57:39Z" finished-at="2020-05-01T11:59:01Z">
          <reporter-output>
          </reporter-output>
        </test-method> <!-- runner -->
      </class> <!-- org.KDD.TestCase.Runner -->
    </test> <!-- Default test -->
  </suite> <!-- Default suite -->
</testng-results>
